<?xml version="1.0" encoding="UTF-8"?>
<!-- Generated by org.testng.reporters.JUnitReportReporter -->
<testsuite hostname="Rakeshs-MacBook-Air.local" failures="0" tests="2" name="com.test.TestRetirement" time="8.079" errors="0" timestamp="20 Jul. 2020 22:31:27 GMT" skipped="0">
  <testcase classname="com.test.TestRetirement" name="Vpassword" time="3.850"/>
  <testcase classname="com.test.TestRetirement" name="Vemail" time="4.229"/>
</testsuite> <!-- com.test.TestRetirement -->
